<?xml version="1.0" encoding="UTF-8"?>
<testng-results ignored="0" total="2" passed="2" failed="0" skipped="0">
  <reporter-output>
  </reporter-output>
  <suite started-at="2026-01-14T10:43:37 IST" name="Default suite" finished-at="2026-01-14T10:43:37 IST" duration-ms="175">
    <groups>
    </groups>
    <test started-at="2026-01-14T10:43:37 IST" name="Default test" finished-at="2026-01-14T10:43:37 IST" duration-ms="175">
      <class name="PS1">
        <test-method is-config="true" signature="beforeRunr()[pri:0, instance:PS1@692f203f]" started-at="2026-01-14T10:43:37 IST" name="beforeRunr" finished-at="2026-01-14T10:43:37 IST" duration-ms="24" status="PASS">
          <reporter-output>
          </reporter-output>
        </test-method> <!-- beforeRunr -->
        <test-method is-config="true" signature="beforeRun()[pri:0, instance:PS1@692f203f]" started-at="2026-01-14T10:43:37 IST" name="beforeRun" finished-at="2026-01-14T10:43:37 IST" duration-ms="1" status="PASS">
          <reporter-output>
          </reporter-output>
        </test-method> <!-- beforeRun -->
        <test-method signature="te2stRun()[pri:0, instance:PS1@692f203f]" started-at="2026-01-14T10:43:37 IST" name="te2stRun" finished-at="2026-01-14T10:43:37 IST" duration-ms="19" status="PASS">
          <reporter-output>
          </reporter-output>
        </test-method> <!-- te2stRun -->
        <test-method is-config="true" signature="befforeRun()[pri:0, instance:PS1@692f203f]" started-at="2026-01-14T10:43:37 IST" name="befforeRun" finished-at="2026-01-14T10:43:37 IST" duration-ms="2" status="PASS">
          <reporter-output>
          </reporter-output>
        </test-method> <!-- befforeRun -->
        <test-method is-config="true" signature="beforeRun()[pri:0, instance:PS1@692f203f]" started-at="2026-01-14T10:43:37 IST" name="beforeRun" finished-at="2026-01-14T10:43:37 IST" duration-ms="2" status="PASS">
          <reporter-output>
          </reporter-output>
        </test-method> <!-- beforeRun -->
        <test-method signature="testRun()[pri:0, instance:PS1@692f203f]" started-at="2026-01-14T10:43:37 IST" name="testRun" finished-at="2026-01-14T10:43:37 IST" duration-ms="3" status="PASS">
          <reporter-output>
          </reporter-output>
        </test-method> <!-- testRun -->
        <test-method is-config="true" signature="befforeRun()[pri:0, instance:PS1@692f203f]" started-at="2026-01-14T10:43:37 IST" name="befforeRun" finished-at="2026-01-14T10:43:37 IST" duration-ms="2" status="PASS">
          <reporter-output>
          </reporter-output>
        </test-method> <!-- befforeRun -->
        <test-method is-config="true" signature="beforreRunr()[pri:0, instance:PS1@692f203f]" started-at="2026-01-14T10:43:37 IST" name="beforreRunr" finished-at="2026-01-14T10:43:37 IST" duration-ms="1" status="PASS">
          <reporter-output>
          </reporter-output>
        </test-method> <!-- beforreRunr -->
        <test-method is-config="true" signature="kbeforeRun()[pri:0, instance:PS1@692f203f]" started-at="2026-01-14T10:43:38 IST" name="kbeforeRun" finished-at="2026-01-14T10:43:38 IST" duration-ms="1" status="PASS">
          <reporter-output>
          </reporter-output>
        </test-method> <!-- kbeforeRun -->
      </class> <!-- PS1 -->
    </test> <!-- Default test -->
  </suite> <!-- Default suite -->
</testng-results>
